HGcal__version6_model2_thick1_run10.root
PFCalEE
_condor_stderr
_condor_stdout
analyze_hadrons_full
analyzed_tuple.root
condor_exec.exe
g4.log
g4env4lpc.sh
g4steer.mac
libPFCalEE.so
libPFCalEEuserlib.so
log.txt
x509up_u49391
analyze_hadrons_full
analyze.log
currentEvent.rndm
g4env4lpc.sh
G4History.macro
g4.log
g4steer.mac
HGcal__version6_model2_thick1_run10.root
libPFCalEE.so
libPFCalEEuserlib.so
log.txt
out_submitRun10_472200.log
out_submitRun10_472200.stderr
out_submitRun10_472200.stdout
out_submitRun10_891753.log
out_submitRun10_891753.stderr
out_submitRun10_891753.stdout
PFCalEE
PFcal.root
runJob.sh
submit.jdl
analyze_hadrons_full
analyze.log
currentEvent.rndm
g4env4lpc.sh
G4History.macro
g4.log
g4steer.mac
HGcal__version6_model2_thick1_run10.root
libPFCalEE.so
libPFCalEEuserlib.so
log.txt
out_submitRun10_472200.log
out_submitRun10_472200.stderr
out_submitRun10_472200.stdout
out_submitRun10_891753.log
out_submitRun10_891753.stderr
out_submitRun10_891753.stdout
PFCalEE
PFcal.root
runJob.sh
submit.jdl
analyzed_tuple.root
analyzed__version6_model2_thick1_run10.root
analyze_hadrons_full
analyze.log
currentEvent.rndm
g4env4lpc.sh
G4History.macro
g4.log
g4steer.mac
HGcal__version6_model2_thick1_run10.root
libPFCalEE.so
libPFCalEEuserlib.so
log.txt
out_submitRun10_472200.log
out_submitRun10_472200.stderr
out_submitRun10_472200.stdout
out_submitRun10_891753.log
out_submitRun10_891753.stderr
out_submitRun10_891753.stdout
PFCalEE
PFcal.root
runJob.sh
submit.jdl
analyzed_tuple.root
analyzed__version6_model2_thick1_run10.root
analyze_hadrons_full
analyze.log
currentEvent.rndm
g4env4lpc.sh
G4History.macro
g4.log
g4steer.mac
HGcal__version6_model2_thick1_run10.root
libPFCalEE.so
libPFCalEEuserlib.so
log.txt
out_submitRun10_472200.log
out_submitRun10_472200.stderr
out_submitRun10_472200.stdout
out_submitRun10_891753.log
out_submitRun10_891753.stderr
out_submitRun10_891753.stdout
PFCalEE
PFcal.root
runJob.sh
submit.jdl
analyzed_tuple.root
analyzed__version6_model2_thick1_run10.root
analyze_hadrons_full
analyze.log
currentEvent.rndm
g4env4lpc.sh
G4History.macro
g4.log
g4steer.mac
HGcal__version6_model2_thick1_run10.root
libPFCalEE.so
libPFCalEEuserlib.so
log.txt
out_submitRun10_472200.log
out_submitRun10_472200.stderr
out_submitRun10_472200.stdout
out_submitRun10_891753.log
out_submitRun10_891753.stderr
out_submitRun10_891753.stdout
PFCalEE
PFcal.root
runJob.sh
submit.jdl
